{
  "RSpec": {
    "coverage": {
      "/Users/bendunjay/Desktop/Projects/recipes_proj/Recipes_backend/spec/models/recipe_spec.rb": {
        "lines": [
          1,
          null,
          1,
          7,
          1,
          1,
          1,
          null,
          null,
          1,
          1,
          1,
          null,
          null,
          1,
          1,
          1,
          null,
          null,
          1,
          1,
          1,
          null,
          null,
          1,
          1,
          1,
          null,
          null,
          null,
          1,
          2,
          null,
          null
        ]
      },
      "/Users/bendunjay/Desktop/Projects/recipes_proj/Recipes_backend/spec/rails_helper.rb": {
        "lines": [
          null,
          1,
          1,
          1,
          null,
          1,
          1,
          null,
          null,
          null,
          null,
          null,
          null,
          null,
          null,
          null,
          null,
          null,
          null,
          null,
          null,
          null,
          1,
          null,
          null,
          null,
          null,
          1,
          null,
          0,
          0,
          null,
          1,
          null,
          1,
          null,
          null,
          null,
          null,
          1,
          null,
          1,
          null,
          null,
          null,
          null,
          null,
          null,
          null,
          null,
          null,
          null,
          null,
          null,
          null,
          null,
          null,
          null,
          null,
          1,
          null,
          null,
          1,
          null,
          null,
          1,
          1,
          1,
          1,
          null,
          null,
          null
        ]
      },
      "/Users/bendunjay/Desktop/Projects/recipes_proj/Recipes_backend/config/environment.rb": {
        "lines": [
          null,
          1,
          null,
          null,
          1
        ]
      },
      "/Users/bendunjay/Desktop/Projects/recipes_proj/Recipes_backend/config/application.rb": {
        "lines": [
          1,
          null,
          1,
          null,
          1,
          1,
          1,
          1,
          1,
          1,
          1,
          1,
          1,
          1,
          null,
          1,
          null,
          null,
          null,
          1,
          null,
          1,
          1,
          null,
          1,
          null,
          null,
          null,
          null,
          null,
          null,
          null,
          null,
          null,
          1,
          null,
          null
        ]
      },
      "/Users/bendunjay/Desktop/Projects/recipes_proj/Recipes_backend/config/boot.rb": {
        "lines": [
          1,
          null,
          1,
          1
        ]
      },
      "/Users/bendunjay/Desktop/Projects/recipes_proj/Recipes_backend/config/environments/test.rb": {
        "lines": [
          null,
          null,
          null,
          null,
          null,
          1,
          1,
          null,
          null,
          null,
          null,
          null,
          null,
          null,
          1,
          1,
          null,
          null,
          null,
          null,
          1,
          null,
          null,
          1,
          1,
          null,
          null,
          null,
          null,
          1,
          1,
          1,
          null,
          null,
          1,
          null,
          null,
          1,
          null,
          null,
          1,
          null,
          1,
          null,
          null,
          null,
          null,
          1,
          null,
          null,
          1,
          null,
          null,
          null,
          null
        ]
      },
      "/Users/bendunjay/Desktop/Projects/recipes_proj/Recipes_backend/config/initializers/application_controller_renderer.rb": {
        "lines": [
          null,
          null,
          null,
          null,
          null,
          null,
          null,
          null
        ]
      },
      "/Users/bendunjay/Desktop/Projects/recipes_proj/Recipes_backend/config/initializers/backtrace_silencers.rb": {
        "lines": [
          null,
          null,
          null,
          null,
          null,
          null,
          null
        ]
      },
      "/Users/bendunjay/Desktop/Projects/recipes_proj/Recipes_backend/config/initializers/cors.rb": {
        "lines": [
          null,
          null,
          null,
          null,
          null,
          null,
          null,
          1,
          1,
          1,
          null,
          1,
          null,
          null,
          null,
          null
        ]
      },
      "/Users/bendunjay/Desktop/Projects/recipes_proj/Recipes_backend/config/initializers/filter_parameter_logging.rb": {
        "lines": [
          null,
          null,
          null,
          1
        ]
      },
      "/Users/bendunjay/Desktop/Projects/recipes_proj/Recipes_backend/config/initializers/inflections.rb": {
        "lines": [
          null,
          null,
          null,
          null,
          null,
          null,
          null,
          null,
          null,
          null,
          null,
          null,
          null,
          null,
          null,
          null
        ]
      },
      "/Users/bendunjay/Desktop/Projects/recipes_proj/Recipes_backend/config/initializers/mime_types.rb": {
        "lines": [
          null,
          null,
          null,
          null
        ]
      },
      "/Users/bendunjay/Desktop/Projects/recipes_proj/Recipes_backend/config/initializers/wrap_parameters.rb": {
        "lines": [
          null,
          null,
          null,
          null,
          null,
          null,
          1,
          2,
          null,
          null,
          null,
          null,
          null,
          null
        ]
      },
      "/Users/bendunjay/Desktop/Projects/recipes_proj/Recipes_backend/spec/factories/recipes.rb": {
        "lines": [
          1,
          1,
          11,
          11,
          11,
          11,
          1,
          null,
          null
        ]
      },
      "/Users/bendunjay/Desktop/Projects/recipes_proj/Recipes_backend/spec/factories/users.rb": {
        "lines": [
          1,
          1,
          18,
          18,
          18,
          18,
          18,
          null,
          null,
          1,
          7,
          7,
          7,
          7,
          7,
          null,
          null,
          null,
          1,
          0,
          0,
          null,
          null
        ]
      },
      "/Users/bendunjay/Desktop/Projects/recipes_proj/Recipes_backend/app/models/user.rb": {
        "lines": [
          1,
          1,
          1,
          null,
          1,
          1,
          1,
          1,
          null,
          null,
          null,
          null,
          null,
          null,
          null
        ]
      },
      "/Users/bendunjay/Desktop/Projects/recipes_proj/Recipes_backend/app/models/application_record.rb": {
        "lines": [
          1,
          1,
          null
        ]
      },
      "/Users/bendunjay/Desktop/Projects/recipes_proj/Recipes_backend/config/routes.rb": {
        "lines": [
          1,
          1,
          1,
          null,
          1,
          null,
          1,
          1,
          null,
          null,
          1,
          1,
          1,
          1,
          1,
          null,
          null,
          null,
          null,
          null
        ]
      },
      "/Users/bendunjay/Desktop/Projects/recipes_proj/Recipes_backend/app/models/recipe.rb": {
        "lines": [
          1,
          1,
          null,
          1,
          1,
          1,
          1,
          null,
          null
        ]
      },
      "/Users/bendunjay/Desktop/Projects/recipes_proj/Recipes_backend/spec/models/user_spec.rb": {
        "lines": [
          1,
          null,
          1,
          10,
          null,
          1,
          1,
          1,
          null,
          null,
          1,
          1,
          null,
          null,
          1,
          1,
          null,
          null,
          1,
          1,
          null,
          null,
          null,
          1,
          1,
          1,
          null,
          null,
          1,
          1,
          1,
          null,
          null,
          1,
          1,
          1,
          null,
          null,
          1,
          1,
          1,
          null,
          null,
          2,
          null,
          null
        ]
      },
      "/Users/bendunjay/Desktop/Projects/recipes_proj/Recipes_backend/spec/requests/recipes_request_spec.rb": {
        "lines": [
          1,
          null,
          1,
          3,
          3,
          null,
          1,
          1,
          1,
          1,
          1,
          1,
          1,
          null,
          null,
          null,
          1,
          1,
          1,
          1,
          1,
          1,
          null,
          null,
          null
        ]
      },
      "/Users/bendunjay/Desktop/Projects/recipes_proj/Recipes_backend/spec/requests/users_recipes_request_spec.rb": {
        "lines": [
          1,
          null,
          1,
          5,
          3,
          null,
          1,
          1,
          1,
          null,
          1,
          null,
          1,
          1,
          1,
          null,
          null,
          null,
          1,
          1,
          1,
          1,
          null,
          null,
          null,
          1,
          1,
          1,
          1,
          1,
          1,
          null,
          null,
          null,
          1,
          1,
          1,
          null,
          1,
          null,
          1,
          1,
          1,
          1,
          null,
          null,
          null,
          null,
          null,
          null,
          null,
          null,
          null,
          null,
          null
        ]
      },
      "/Users/bendunjay/Desktop/Projects/recipes_proj/Recipes_backend/spec/requests/users_request_spec.rb": {
        "lines": [
          1,
          null,
          1,
          3,
          null,
          1,
          1,
          1,
          1,
          null,
          null,
          1,
          1,
          1,
          1,
          1,
          null,
          null,
          null,
          1,
          1,
          1,
          1,
          1,
          1,
          null,
          null,
          1,
          2,
          null,
          null,
          null
        ]
      },
      "/Users/bendunjay/Desktop/Projects/recipes_proj/Recipes_backend/app/controllers/application_controller.rb": {
        "lines": [
          1,
          1,
          null,
          1,
          8,
          null,
          null,
          1,
          3,
          null,
          null,
          1,
          0,
          0,
          null,
          null,
          1,
          3,
          0,
          null,
          0,
          0,
          0,
          null,
          null,
          null,
          null,
          1,
          3,
          0,
          0,
          null,
          null,
          null,
          1,
          3,
          0,
          null,
          null,
          null
        ]
      },
      "/Users/bendunjay/Desktop/Projects/recipes_proj/Recipes_backend/app/controllers/api/v1/recipes_controller.rb": {
        "lines": [
          1,
          1,
          null,
          1,
          1,
          1,
          null,
          null,
          1,
          1,
          1,
          null,
          null,
          1,
          null,
          1,
          0,
          null,
          null
        ]
      },
      "/Users/bendunjay/Desktop/Projects/recipes_proj/Recipes_backend/app/serializers/recipe_serializer.rb": {
        "lines": [
          1,
          1,
          null
        ]
      },
      "/Users/bendunjay/Desktop/Projects/recipes_proj/Recipes_backend/app/controllers/api/v1/users_recipes_controller.rb": {
        "lines": [
          1,
          1,
          null,
          1,
          1,
          1,
          1,
          null,
          null,
          1,
          1,
          1,
          1,
          1,
          null,
          0,
          null,
          null,
          null,
          1,
          1,
          1,
          null,
          null,
          1,
          1,
          1,
          1,
          1,
          null,
          null,
          1,
          0,
          0,
          0,
          0,
          0,
          null,
          0,
          null,
          null,
          null,
          1,
          null,
          1,
          2,
          null,
          null
        ]
      },
      "/Users/bendunjay/Desktop/Projects/recipes_proj/Recipes_backend/app/controllers/api/v1/users_controller.rb": {
        "lines": [
          1,
          1,
          null,
          1,
          1,
          1,
          null,
          null,
          1,
          0,
          0,
          null,
          null,
          1,
          1,
          1,
          1,
          null,
          0,
          null,
          null,
          null,
          1,
          0,
          0,
          0,
          null,
          null,
          1,
          null,
          1,
          1,
          null,
          null
        ]
      },
      "/Users/bendunjay/Desktop/Projects/recipes_proj/Recipes_backend/app/serializers/user_serializer.rb": {
        "lines": [
          1,
          1,
          null
        ]
      }
    },
    "timestamp": 1616174268
  }
}
